19:33:48  DEBUG org.testng.TestNG - suiteXmlPath: "C:\Users\julia\Documents\QA\QA_Automation\QA\Trello_QA35\src\test\resources\card.xml"
19:33:48  DEBUG org.testng.internal.Graph - [Graph] ADDING NODE TestBase.setUp()[pri:0, instance:null] 2045031788
19:33:48  DEBUG org.testng.internal.Graph - [Graph] ================ SORTING
19:33:48  DEBUG org.testng.internal.Graph - [Graph] =============== DONE SORTING
19:33:48  DEBUG org.testng.internal.Graph - [Graph] ====== SORTED NODES
19:33:48  DEBUG org.testng.internal.Graph - [Graph] ====== END SORTED NODES
19:33:48  DEBUG org.testng.internal.Graph - [Graph] ADDING NODE TestBase.stop()[pri:0, instance:null] 2136378353
19:33:48  DEBUG org.testng.internal.Graph - [Graph] ================ SORTING
19:33:48  DEBUG org.testng.internal.Graph - [Graph] =============== DONE SORTING
19:33:48  DEBUG org.testng.internal.Graph - [Graph] ====== SORTED NODES
19:33:48  DEBUG org.testng.internal.Graph - [Graph] ====== END SORTED NODES
19:33:48  DEBUG org.testng.internal.Graph - [Graph] ADDING NODE TestBase.startLogger(java.lang.reflect.Method)[pri:0, instance:null] -68692127
19:33:48  DEBUG org.testng.internal.Graph - [Graph] ================ SORTING
19:33:48  DEBUG org.testng.internal.Graph - [Graph] =============== DONE SORTING
19:33:48  DEBUG org.testng.internal.Graph - [Graph] ====== SORTED NODES
19:33:48  DEBUG org.testng.internal.Graph - [Graph] ====== END SORTED NODES
19:33:48  DEBUG org.testng.internal.Graph - [Graph] ADDING NODE TestBase.finishLog()[pri:0, instance:null] 1549693568
19:33:48  DEBUG org.testng.internal.Graph - [Graph] ================ SORTING
19:33:48  DEBUG org.testng.internal.Graph - [Graph] =============== DONE SORTING
19:33:48  DEBUG org.testng.internal.Graph - [Graph] ====== SORTED NODES
19:33:48  DEBUG org.testng.internal.Graph - [Graph] ====== END SORTED NODES
19:33:48  DEBUG org.testng.internal.Graph - [Graph] ADDING NODE TestBase.setUp()[pri:0, instance:tests.CardCreation@4b53c1c6] 235256282
19:33:48  DEBUG org.testng.internal.Graph - [Graph] ================ SORTING
19:33:48  DEBUG org.testng.internal.Graph - [Graph] =============== DONE SORTING
19:33:48  DEBUG org.testng.internal.Graph - [Graph] ====== SORTED NODES
19:33:48  DEBUG org.testng.internal.Graph - [Graph] ====== END SORTED NODES
19:33:48  DEBUG org.testng.internal.Graph - [Graph] ADDING NODE CardCreation.cardCreation(model.Card)[pri:0, instance:tests.CardCreation@4b53c1c6] -1862267628
19:33:48  DEBUG org.testng.internal.Graph - [Graph] ================ SORTING
19:33:48  DEBUG org.testng.internal.Graph - [Graph] =============== DONE SORTING
19:33:48  DEBUG org.testng.internal.Graph - [Graph] ====== SORTED NODES
19:33:48  DEBUG org.testng.internal.Graph - [Graph] ====== END SORTED NODES
19:33:48  DEBUG org.testng.internal.Graph - [Graph] ADDING NODE TestBase.stop()[pri:0, instance:tests.CardCreation@4b53c1c6] -1227967499
19:33:48  DEBUG org.testng.internal.Graph - [Graph] ================ SORTING
19:33:48  DEBUG org.testng.internal.Graph - [Graph] =============== DONE SORTING
19:33:48  DEBUG org.testng.internal.Graph - [Graph] ====== SORTED NODES
19:33:48  DEBUG org.testng.internal.Graph - [Graph] ====== END SORTED NODES
19:33:48  INFO  tests.TestBase - Start tests---cardCreation
19:33:48  INFO  tests.TestBase - ****************************************************************************************
19:33:48  INFO  tests.TestBase - Start tests---cardCreation
19:33:48  INFO  tests.TestBase - ****************************************************************************************
